<?xml version="1.0" encoding="UTF-8"?><testsuite failures="0" name="cucumber.runtime.formatter.JUnitFormatter" skipped="0" tests="1" time="8.963049">
<testcase classname="service features" name="service test scenario" time="8.963049">
<system-out><![CDATA[Given user is on login page.................................................passed
When title of login page is Techfios........................................passed
Then user enters username and password......................................passed
And user clik on login button...............................................passed
Then user is on home page...................................................passed
Then user click on product & service page...................................passed
Then user move on new service...............................................passed
And user enters service data................................................passed
Then browser is close.......................................................passed
]]></system-out>
</testcase>
</testsuite>
